A Zoo Keeper arrives at Zoo on day 1
Zookeeper wakes Chester the Cat
Chester the Cat woke up
Zookeeper wakes Dan the Dog
Dan the Dog woke up
Zookeeper wakes Eric the Elephant
Eric the Elephant woke up
Zookeeper wakes Fred the Falcon
Fred the Falcon woke up
Zookeeper wakes Harry the Hawk
Harry the Hawk woke up
Zookeeper wakes Hank the Hippo
Hank the Hippo woke up
Zookeeper wakes Larry the Lion
Larry the Lion woke up
Zookeeper wakes Tony the Tiger
Tony the Tiger woke up
Zookeeper wakes Wally the Wolf
Wally the Wolf woke up
Zookeeper calls roll
Chester the Cat meows
Dan the Dog barks
Eric the Elephant trumpets
Fred the Falcon wails
Harry the Hawk screeches
Hank the Hippo growls
Larry the Lion roars loudly
Tony the Tiger roars
Wally the Wolf snarls
Zookeeper exercises Chester the Cat
Chester the Cat pounces
Zookeeper exercises Dan the Dog
Dan the Dog digs instead of roaming!
Zookeeper exercises Eric the Elephant
Eric the Elephant stomps around
Zookeeper exercises Fred the Falcon
Fred the Falcon flies around
Zookeeper exercises Harry the Hawk
Harry the Hawk flies around
Zookeeper exercises Hank the Hippo
Hank the Hippo stomps around
Zookeeper exercises Larry the Lion
Larry the Lion pounces
Zookeeper exercises Tony the Tiger
Tony the Tiger pounces
Zookeeper exercises Wally the Wolf
Wally the Wolf runs around
Zookeeper feeds Chester the Cat
Chester the Cat eats
Zookeeper feeds Dan the Dog
Dan the Dog eats
Zookeeper feeds Eric the Elephant
Eric the Elephant eats
Zookeeper feeds Fred the Falcon
Fred the Falcon eats
Zookeeper feeds Harry the Hawk
Harry the Hawk eats
Zookeeper feeds Hank the Hippo
Hank the Hippo eats
Zookeeper feeds Larry the Lion
Larry the Lion eats
Zookeeper feeds Tony the Tiger
Tony the Tiger eats
Zookeeper feeds Wally the Wolf
Wally the Wolf eats
Zookeeper puts Chester the Cat to sleep
Chester the Cat pounces
Zookeeper puts Dan the Dog to sleep
Dan the Dog fell asleep
Zookeeper puts Eric the Elephant to sleep
Eric the Elephant fell asleep
Zookeeper puts Fred the Falcon to sleep
Fred the Falcon fell asleep
Zookeeper puts Harry the Hawk to sleep
Harry the Hawk fell asleep
Zookeeper puts Hank the Hippo to sleep
Hank the Hippo fell asleep
Zookeeper puts Larry the Lion to sleep
Larry the Lion roars loudly
Zookeeper puts Tony the Tiger to sleep
Tony the Tiger roars
Zookeeper puts Wally the Wolf to sleep
Wally the Wolf fell asleep
A Zoo Keeper has left the Zoo on day 1
A Zoo Keeper arrives at Zoo on day 2
Zookeeper wakes Chester the Cat
Chester the Cat is already awake!
Zookeeper wakes Dan the Dog
Dan the Dog woke up
Zookeeper wakes Eric the Elephant
Eric the Elephant woke up
Zookeeper wakes Fred the Falcon
Fred the Falcon woke up
Zookeeper wakes Harry the Hawk
Harry the Hawk woke up
Zookeeper wakes Hank the Hippo
Hank the Hippo woke up
Zookeeper wakes Larry the Lion
Larry the Lion is already awake!
Zookeeper wakes Tony the Tiger
Tony the Tiger is already awake!
Zookeeper wakes Wally the Wolf
Wally the Wolf woke up
Zookeeper calls roll
Chester the Cat meows
Dan the Dog barks
Eric the Elephant trumpets
Fred the Falcon wails
Harry the Hawk screeches
Hank the Hippo growls
Larry the Lion roars loudly
Tony the Tiger roars
Wally the Wolf snarls
Zookeeper exercises Chester the Cat
Chester the Cat pounces
Zookeeper exercises Dan the Dog
Dan the Dog digs instead of roaming!
Zookeeper exercises Eric the Elephant
Eric the Elephant stomps around
Zookeeper exercises Fred the Falcon
Fred the Falcon flies around
Zookeeper exercises Harry the Hawk
Harry the Hawk flies around
Zookeeper exercises Hank the Hippo
Hank the Hippo stomps around
Zookeeper exercises Larry the Lion
Larry the Lion pounces
Zookeeper exercises Tony the Tiger
Tony the Tiger pounces
Zookeeper exercises Wally the Wolf
Wally the Wolf runs around
Zookeeper feeds Chester the Cat
Chester the Cat eats
Zookeeper feeds Dan the Dog
Dan the Dog eats
Zookeeper feeds Eric the Elephant
Eric the Elephant eats
Zookeeper feeds Fred the Falcon
Fred the Falcon eats
Zookeeper feeds Harry the Hawk
Harry the Hawk eats
Zookeeper feeds Hank the Hippo
Hank the Hippo eats
Zookeeper feeds Larry the Lion
Larry the Lion eats
Zookeeper feeds Tony the Tiger
Tony the Tiger eats
Zookeeper feeds Wally the Wolf
Wally the Wolf eats
Zookeeper puts Chester the Cat to sleep
Chester the Cat pounces
Zookeeper puts Dan the Dog to sleep
Dan the Dog fell asleep
Zookeeper puts Eric the Elephant to sleep
Eric the Elephant fell asleep
Zookeeper puts Fred the Falcon to sleep
Fred the Falcon fell asleep
Zookeeper puts Harry the Hawk to sleep
Harry the Hawk fell asleep
Zookeeper puts Hank the Hippo to sleep
Hank the Hippo fell asleep
Zookeeper puts Larry the Lion to sleep
Larry the Lion pounces
Zookeeper puts Tony the Tiger to sleep
Tony the Tiger pounces
Zookeeper puts Wally the Wolf to sleep
Wally the Wolf fell asleep
A Zoo Keeper has left the Zoo on day 2
A Zoo Keeper arrives at Zoo on day 3
Zookeeper wakes Chester the Cat
Chester the Cat is already awake!
Zookeeper wakes Dan the Dog
Dan the Dog woke up
Zookeeper wakes Eric the Elephant
Eric the Elephant woke up
Zookeeper wakes Fred the Falcon
Fred the Falcon woke up
Zookeeper wakes Harry the Hawk
Harry the Hawk woke up
Zookeeper wakes Hank the Hippo
Hank the Hippo woke up
Zookeeper wakes Larry the Lion
Larry the Lion is already awake!
Zookeeper wakes Tony the Tiger
Tony the Tiger is already awake!
Zookeeper wakes Wally the Wolf
Wally the Wolf woke up
Zookeeper calls roll
Chester the Cat meows
Dan the Dog barks
Eric the Elephant trumpets
Fred the Falcon wails
Harry the Hawk screeches
Hank the Hippo growls
Larry the Lion roars loudly
Tony the Tiger roars
Wally the Wolf snarls
Zookeeper exercises Chester the Cat
Chester the Cat pounces
Zookeeper exercises Dan the Dog
Dan the Dog digs instead of roaming!
Zookeeper exercises Eric the Elephant
Eric the Elephant stomps around
Zookeeper exercises Fred the Falcon
Fred the Falcon flies around
Zookeeper exercises Harry the Hawk
Harry the Hawk flies around
Zookeeper exercises Hank the Hippo
Hank the Hippo stomps around
Zookeeper exercises Larry the Lion
Larry the Lion pounces
Zookeeper exercises Tony the Tiger
Tony the Tiger pounces
Zookeeper exercises Wally the Wolf
Wally the Wolf runs around
Zookeeper feeds Chester the Cat
Chester the Cat eats
Zookeeper feeds Dan the Dog
Dan the Dog eats
Zookeeper feeds Eric the Elephant
Eric the Elephant eats
Zookeeper feeds Fred the Falcon
Fred the Falcon eats
Zookeeper feeds Harry the Hawk
Harry the Hawk eats
Zookeeper feeds Hank the Hippo
Hank the Hippo eats
Zookeeper feeds Larry the Lion
Larry the Lion eats
Zookeeper feeds Tony the Tiger
Tony the Tiger eats
Zookeeper feeds Wally the Wolf
Wally the Wolf eats
Zookeeper puts Chester the Cat to sleep
Chester the Cat meows
Zookeeper puts Dan the Dog to sleep
Dan the Dog fell asleep
Zookeeper puts Eric the Elephant to sleep
Eric the Elephant fell asleep
Zookeeper puts Fred the Falcon to sleep
Fred the Falcon fell asleep
Zookeeper puts Harry the Hawk to sleep
Harry the Hawk fell asleep
Zookeeper puts Hank the Hippo to sleep
Hank the Hippo fell asleep
Zookeeper puts Larry the Lion to sleep
Larry the Lion pounces
Zookeeper puts Tony the Tiger to sleep
Tony the Tiger pounces
Zookeeper puts Wally the Wolf to sleep
Wally the Wolf fell asleep
A Zoo Keeper has left the Zoo on day 3
A Zoo Keeper arrives at Zoo on day 4
Zookeeper wakes Chester the Cat
Chester the Cat is already awake!
Zookeeper wakes Dan the Dog
Dan the Dog woke up
Zookeeper wakes Eric the Elephant
Eric the Elephant woke up
Zookeeper wakes Fred the Falcon
Fred the Falcon woke up
Zookeeper wakes Harry the Hawk
Harry the Hawk woke up
Zookeeper wakes Hank the Hippo
Hank the Hippo woke up
Zookeeper wakes Larry the Lion
Larry the Lion is already awake!
Zookeeper wakes Tony the Tiger
Tony the Tiger is already awake!
Zookeeper wakes Wally the Wolf
Wally the Wolf woke up
Zookeeper calls roll
Chester the Cat meows
Dan the Dog barks
Eric the Elephant trumpets
Fred the Falcon wails
Harry the Hawk screeches
Hank the Hippo growls
Larry the Lion roars loudly
Tony the Tiger roars
Wally the Wolf snarls
Zookeeper exercises Chester the Cat
Chester the Cat pounces
Zookeeper exercises Dan the Dog
Dan the Dog digs instead of roaming!
Zookeeper exercises Eric the Elephant
Eric the Elephant stomps around
Zookeeper exercises Fred the Falcon
Fred the Falcon flies around
Zookeeper exercises Harry the Hawk
Harry the Hawk flies around
Zookeeper exercises Hank the Hippo
Hank the Hippo stomps around
Zookeeper exercises Larry the Lion
Larry the Lion pounces
Zookeeper exercises Tony the Tiger
Tony the Tiger pounces
Zookeeper exercises Wally the Wolf
Wally the Wolf runs around
Zookeeper feeds Chester the Cat
Chester the Cat eats
Zookeeper feeds Dan the Dog
Dan the Dog eats
Zookeeper feeds Eric the Elephant
Eric the Elephant eats
Zookeeper feeds Fred the Falcon
Fred the Falcon eats
Zookeeper feeds Harry the Hawk
Harry the Hawk eats
Zookeeper feeds Hank the Hippo
Hank the Hippo eats
Zookeeper feeds Larry the Lion
Larry the Lion eats
Zookeeper feeds Tony the Tiger
Tony the Tiger eats
Zookeeper feeds Wally the Wolf
Wally the Wolf eats
Zookeeper puts Chester the Cat to sleep
Chester the Cat pounces
Zookeeper puts Dan the Dog to sleep
Dan the Dog fell asleep
Zookeeper puts Eric the Elephant to sleep
Eric the Elephant fell asleep
Zookeeper puts Fred the Falcon to sleep
Fred the Falcon fell asleep
Zookeeper puts Harry the Hawk to sleep
Harry the Hawk fell asleep
Zookeeper puts Hank the Hippo to sleep
Hank the Hippo fell asleep
Zookeeper puts Larry the Lion to sleep
Larry the Lion roars loudly
Zookeeper puts Tony the Tiger to sleep
Tony the Tiger pounces
Zookeeper puts Wally the Wolf to sleep
Wally the Wolf fell asleep
A Zoo Keeper has left the Zoo on day 4
A Zoo Keeper arrives at Zoo on day 5
Zookeeper wakes Chester the Cat
Chester the Cat is already awake!
Zookeeper wakes Dan the Dog
Dan the Dog woke up
Zookeeper wakes Eric the Elephant
Eric the Elephant woke up
Zookeeper wakes Fred the Falcon
Fred the Falcon woke up
Zookeeper wakes Harry the Hawk
Harry the Hawk woke up
Zookeeper wakes Hank the Hippo
Hank the Hippo woke up
Zookeeper wakes Larry the Lion
Larry the Lion is already awake!
Zookeeper wakes Tony the Tiger
Tony the Tiger is already awake!
Zookeeper wakes Wally the Wolf
Wally the Wolf woke up
Zookeeper calls roll
Chester the Cat meows
Dan the Dog barks
Eric the Elephant trumpets
Fred the Falcon wails
Harry the Hawk screeches
Hank the Hippo growls
Larry the Lion roars loudly
Tony the Tiger roars
Wally the Wolf snarls
Zookeeper exercises Chester the Cat
Chester the Cat pounces
Zookeeper exercises Dan the Dog
Dan the Dog digs instead of roaming!
Zookeeper exercises Eric the Elephant
Eric the Elephant stomps around
Zookeeper exercises Fred the Falcon
Fred the Falcon flies around
Zookeeper exercises Harry the Hawk
Harry the Hawk flies around
Zookeeper exercises Hank the Hippo
Hank the Hippo stomps around
Zookeeper exercises Larry the Lion
Larry the Lion pounces
Zookeeper exercises Tony the Tiger
Tony the Tiger pounces
Zookeeper exercises Wally the Wolf
Wally the Wolf runs around
Zookeeper feeds Chester the Cat
Chester the Cat eats
Zookeeper feeds Dan the Dog
Dan the Dog eats
Zookeeper feeds Eric the Elephant
Eric the Elephant eats
Zookeeper feeds Fred the Falcon
Fred the Falcon eats
Zookeeper feeds Harry the Hawk
Harry the Hawk eats
Zookeeper feeds Hank the Hippo
Hank the Hippo eats
Zookeeper feeds Larry the Lion
Larry the Lion eats
Zookeeper feeds Tony the Tiger
Tony the Tiger eats
Zookeeper feeds Wally the Wolf
Wally the Wolf eats
Zookeeper puts Chester the Cat to sleep
Chester the Cat pounces
Zookeeper puts Dan the Dog to sleep
Dan the Dog fell asleep
Zookeeper puts Eric the Elephant to sleep
Eric the Elephant fell asleep
Zookeeper puts Fred the Falcon to sleep
Fred the Falcon fell asleep
Zookeeper puts Harry the Hawk to sleep
Harry the Hawk fell asleep
Zookeeper puts Hank the Hippo to sleep
Hank the Hippo fell asleep
Zookeeper puts Larry the Lion to sleep
Larry the Lion roars loudly
Zookeeper puts Tony the Tiger to sleep
Tony the Tiger pounces
Zookeeper puts Wally the Wolf to sleep
Wally the Wolf fell asleep
A Zoo Keeper has left the Zoo on day 5
A Zoo Keeper arrives at Zoo on day 6
Zookeeper wakes Chester the Cat
Chester the Cat is already awake!
Zookeeper wakes Dan the Dog
Dan the Dog woke up
Zookeeper wakes Eric the Elephant
Eric the Elephant woke up
Zookeeper wakes Fred the Falcon
Fred the Falcon woke up
Zookeeper wakes Harry the Hawk
Harry the Hawk woke up
Zookeeper wakes Hank the Hippo
Hank the Hippo woke up
Zookeeper wakes Larry the Lion
Larry the Lion is already awake!
Zookeeper wakes Tony the Tiger
Tony the Tiger is already awake!
Zookeeper wakes Wally the Wolf
Wally the Wolf woke up
Zookeeper calls roll
Chester the Cat meows
Dan the Dog barks
Eric the Elephant trumpets
Fred the Falcon wails
Harry the Hawk screeches
Hank the Hippo growls
Larry the Lion roars loudly
Tony the Tiger roars
Wally the Wolf snarls
Zookeeper exercises Chester the Cat
Chester the Cat pounces
Zookeeper exercises Dan the Dog
Dan the Dog digs instead of roaming!
Zookeeper exercises Eric the Elephant
Eric the Elephant stomps around
Zookeeper exercises Fred the Falcon
Fred the Falcon flies around
Zookeeper exercises Harry the Hawk
Harry the Hawk flies around
Zookeeper exercises Hank the Hippo
Hank the Hippo stomps around
Zookeeper exercises Larry the Lion
Larry the Lion pounces
Zookeeper exercises Tony the Tiger
Tony the Tiger pounces
Zookeeper exercises Wally the Wolf
Wally the Wolf runs around
Zookeeper feeds Chester the Cat
Chester the Cat eats
Zookeeper feeds Dan the Dog
Dan the Dog eats
Zookeeper feeds Eric the Elephant
Eric the Elephant eats
Zookeeper feeds Fred the Falcon
Fred the Falcon eats
Zookeeper feeds Harry the Hawk
Harry the Hawk eats
Zookeeper feeds Hank the Hippo
Hank the Hippo eats
Zookeeper feeds Larry the Lion
Larry the Lion eats
Zookeeper feeds Tony the Tiger
Tony the Tiger eats
Zookeeper feeds Wally the Wolf
Wally the Wolf eats
Zookeeper puts Chester the Cat to sleep
Chester the Cat meows
Zookeeper puts Dan the Dog to sleep
Dan the Dog fell asleep
Zookeeper puts Eric the Elephant to sleep
Eric the Elephant fell asleep
Zookeeper puts Fred the Falcon to sleep
Fred the Falcon fell asleep
Zookeeper puts Harry the Hawk to sleep
Harry the Hawk fell asleep
Zookeeper puts Hank the Hippo to sleep
Hank the Hippo fell asleep
Zookeeper puts Larry the Lion to sleep
Larry the Lion roars loudly
Zookeeper puts Tony the Tiger to sleep
Tony the Tiger roars
Zookeeper puts Wally the Wolf to sleep
Wally the Wolf fell asleep
A Zoo Keeper has left the Zoo on day 6
A Zoo Keeper arrives at Zoo on day 7
Zookeeper wakes Chester the Cat
Chester the Cat is already awake!
Zookeeper wakes Dan the Dog
Dan the Dog woke up
Zookeeper wakes Eric the Elephant
Eric the Elephant woke up
Zookeeper wakes Fred the Falcon
Fred the Falcon woke up
Zookeeper wakes Harry the Hawk
Harry the Hawk woke up
Zookeeper wakes Hank the Hippo
Hank the Hippo woke up
Zookeeper wakes Larry the Lion
Larry the Lion is already awake!
Zookeeper wakes Tony the Tiger
Tony the Tiger is already awake!
Zookeeper wakes Wally the Wolf
Wally the Wolf woke up
Zookeeper calls roll
Chester the Cat meows
Dan the Dog barks
Eric the Elephant trumpets
Fred the Falcon wails
Harry the Hawk screeches
Hank the Hippo growls
Larry the Lion roars loudly
Tony the Tiger roars
Wally the Wolf snarls
Zookeeper exercises Chester the Cat
Chester the Cat pounces
Zookeeper exercises Dan the Dog
Dan the Dog digs instead of roaming!
Zookeeper exercises Eric the Elephant
Eric the Elephant stomps around
Zookeeper exercises Fred the Falcon
Fred the Falcon flies around
Zookeeper exercises Harry the Hawk
Harry the Hawk flies around
Zookeeper exercises Hank the Hippo
Hank the Hippo stomps around
Zookeeper exercises Larry the Lion
Larry the Lion pounces
Zookeeper exercises Tony the Tiger
Tony the Tiger pounces
Zookeeper exercises Wally the Wolf
Wally the Wolf runs around
Zookeeper feeds Chester the Cat
Chester the Cat eats
Zookeeper feeds Dan the Dog
Dan the Dog eats
Zookeeper feeds Eric the Elephant
Eric the Elephant eats
Zookeeper feeds Fred the Falcon
Fred the Falcon eats
Zookeeper feeds Harry the Hawk
Harry the Hawk eats
Zookeeper feeds Hank the Hippo
Hank the Hippo eats
Zookeeper feeds Larry the Lion
Larry the Lion eats
Zookeeper feeds Tony the Tiger
Tony the Tiger eats
Zookeeper feeds Wally the Wolf
Wally the Wolf eats
Zookeeper puts Chester the Cat to sleep
Chester the Cat pounces
Zookeeper puts Dan the Dog to sleep
Dan the Dog fell asleep
Zookeeper puts Eric the Elephant to sleep
Eric the Elephant fell asleep
Zookeeper puts Fred the Falcon to sleep
Fred the Falcon fell asleep
Zookeeper puts Harry the Hawk to sleep
Harry the Hawk fell asleep
Zookeeper puts Hank the Hippo to sleep
Hank the Hippo fell asleep
Zookeeper puts Larry the Lion to sleep
Larry the Lion pounces
Zookeeper puts Tony the Tiger to sleep
Tony the Tiger roars
Zookeeper puts Wally the Wolf to sleep
Wally the Wolf fell asleep
A Zoo Keeper has left the Zoo on day 7